[06:30:36] [Server thread/INFO]: Starting minecraft server version 1.14.4
[06:30:36] [Server thread/INFO]: Loading properties
[06:30:36] [Server thread/INFO]: This server is running Paper version git-Paper-196 (MC: 1.14.4) (Implementing API version 1.14.4-R0.1-SNAPSHOT)
[06:30:36] [Server thread/INFO]: Server Ping Player Sample Count: 12
[06:30:36] [Server thread/INFO]: Using 4 threads for Netty based IO
[06:30:36] [Server thread/INFO]: Debug logging is disabled
[06:30:36] [Server thread/INFO]: Default game type: SURVIVAL
[06:30:36] [Server thread/INFO]: Generating keypair
[06:30:37] [Server thread/INFO]: Starting Minecraft server on *:25565
[06:30:37] [Server thread/INFO]: Using epoll channel type
[06:30:43] [Server thread/INFO]: [LuckPerms] Loading LuckPerms v4.4.30
[06:30:43] [Server thread/INFO]: [SkinsRestorer] Loading SkinsRestorer v13.7.3
[06:30:43] [Server thread/INFO]: [Vault] Loading Vault v1.7.2-b107
[06:30:43] [Server thread/INFO]: [Essentials] Loading Essentials v2.17.1.17
[06:30:43] [Server thread/INFO]: Server permissions file permissions.yml is empty, ignoring it
[06:30:43] [Server thread/INFO]: [LuckPerms] Enabling LuckPerms v4.4.30
[06:30:43] [Server thread/INFO]:         __    
[06:30:43] [Server thread/INFO]:   |    |__)   LuckPerms v4.4.30
[06:30:43] [Server thread/INFO]:   |___ |      Running on Bukkit - Paper
[06:30:43] [Server thread/INFO]: 
[06:30:43] [Server thread/INFO]: [LuckPerms] Loading configuration...
[06:30:44] [Server thread/INFO]: [LuckPerms] Loading storage provider... [H2]
[06:30:46] [Server thread/INFO]: [LuckPerms] Loading internal permission managers...
[06:30:46] [Server thread/INFO]: [LuckPerms] Performing initial data load...
[06:30:46] [Server thread/INFO]: [LuckPerms] Successfully enabled. (took 3076ms)
[06:30:46] [Server thread/INFO]: [Vault] Enabling Vault v1.7.2-b107
[06:30:47] [Server thread/INFO]: [Vault] [Economy] Essentials Economy found: Waiting
[06:30:47] [Server thread/INFO]: [Vault] [Permission] SuperPermissions loaded as backup permission system.
[06:30:47] [Server thread/INFO]: [Vault] Enabled Version 1.7.2-b107
[06:30:47] [Server thread/INFO]: [LuckPerms] Registered Vault permission & chat hook.
[06:30:47] [Server thread/WARN]: **** SERVER IS RUNNING IN OFFLINE/INSECURE MODE!
[06:30:47] [Server thread/WARN]: The server will make no attempt to authenticate usernames. Beware.
[06:30:47] [Server thread/WARN]: While this makes the game possible to play without internet access, it also opens up the ability for hackers to connect with any username they choose.
[06:30:47] [Server thread/WARN]: To change this, set "online-mode" to "true" in the server.properties file.
[06:30:47] [Server thread/INFO]: Preparing level "world"
[06:30:47] [Server thread/INFO]: Reloading ResourceManager: Default, bukkit
[06:30:58] [Server thread/INFO]: Loaded 6 recipes
[06:30:58] [Server thread/INFO]: -------- World Settings For [world] --------
[06:30:58] [Server thread/INFO]: Experience Merge Radius: 3.0
[06:30:58] [Server thread/INFO]: Mob Spawn Range: 8
[06:30:58] [Server thread/INFO]: Cactus Growth Modifier: 100%
[06:30:58] [Server thread/INFO]: Cane Growth Modifier: 100%
[06:30:58] [Server thread/INFO]: Melon Growth Modifier: 100%
[06:30:58] [Server thread/INFO]: Mushroom Growth Modifier: 100%
[06:30:58] [Server thread/INFO]: Pumpkin Growth Modifier: 100%
[06:30:58] [Server thread/INFO]: Sapling Growth Modifier: 100%
[06:30:58] [Server thread/INFO]: Beetroot Growth Modifier: 100%
[06:30:58] [Server thread/INFO]: Carrot Growth Modifier: 100%
[06:30:58] [Server thread/INFO]: Potato Growth Modifier: 100%
[06:30:58] [Server thread/INFO]: Wheat Growth Modifier: 100%
[06:30:58] [Server thread/INFO]: NetherWart Growth Modifier: 100%
[06:30:58] [Server thread/INFO]: Vine Growth Modifier: 100%
[06:30:58] [Server thread/INFO]: Cocoa Growth Modifier: 100%
[06:30:58] [Server thread/INFO]: Bamboo Growth Modifier: 100%
[06:30:58] [Server thread/INFO]: SweetBerry Growth Modifier: 100%
[06:30:58] [Server thread/INFO]: Kelp Growth Modifier: 100%
[06:30:58] [Server thread/INFO]: Entity Activation Range: An 32 / Mo 32 / Ra 48 / Mi 16 / Tiv true
[06:30:58] [Server thread/INFO]: Entity Tracking Range: Pl 48 / An 48 / Mo 48 / Mi 32 / Other 64
[06:30:58] [Server thread/INFO]: Hopper Transfer: 8 Hopper Check: 1 Hopper Amount: 1
[06:30:58] [Server thread/INFO]: Custom Map Seeds:  Village: 10387312 Desert: 14357617 Igloo: 14357618 Jungle: 14357619 Swamp: 14357620 Monument: 10387313Ocean: 14357621 Shipwreck: 165745295 Slime: 987234911
[06:30:58] [Server thread/INFO]: Max TNT Explosions: 100
[06:30:58] [Server thread/INFO]: Tile Max Tick Time: 50ms Entity max Tick Time: 50ms
[06:30:58] [Server thread/INFO]: View Distance: 32
[06:30:58] [Server thread/INFO]: Allow Zombie Pigmen to spawn from portal blocks: true
[06:30:58] [Server thread/INFO]: Item Merge Radius: 2.5
[06:30:58] [Server thread/INFO]: Item Despawn Rate: 6000
[06:30:58] [Server thread/INFO]: Arrow Despawn Rate: 1200
[06:30:58] [Server thread/INFO]: Zombie Aggressive Towards Villager: true
[06:30:58] [Server thread/INFO]: Nerfing mobs spawned from spawners: false
[06:30:58] [Server thread/INFO]: -------- World Settings For [world_nether] --------
[06:30:58] [Server thread/INFO]: Experience Merge Radius: 3.0
[06:30:58] [Server thread/INFO]: Mob Spawn Range: 8
[06:30:58] [Server thread/INFO]: Cactus Growth Modifier: 100%
[06:30:58] [Server thread/INFO]: Cane Growth Modifier: 100%
[06:30:58] [Server thread/INFO]: Melon Growth Modifier: 100%
[06:30:58] [Server thread/INFO]: Mushroom Growth Modifier: 100%
[06:30:58] [Server thread/INFO]: Pumpkin Growth Modifier: 100%
[06:30:58] [Server thread/INFO]: Sapling Growth Modifier: 100%
[06:30:58] [Server thread/INFO]: Beetroot Growth Modifier: 100%
[06:30:58] [Server thread/INFO]: Carrot Growth Modifier: 100%
[06:30:58] [Server thread/INFO]: Potato Growth Modifier: 100%
[06:30:58] [Server thread/INFO]: Wheat Growth Modifier: 100%
[06:30:58] [Server thread/INFO]: NetherWart Growth Modifier: 100%
[06:30:58] [Server thread/INFO]: Vine Growth Modifier: 100%
[06:30:58] [Server thread/INFO]: Cocoa Growth Modifier: 100%
[06:30:58] [Server thread/INFO]: Bamboo Growth Modifier: 100%
[06:30:58] [Server thread/INFO]: SweetBerry Growth Modifier: 100%
[06:30:58] [Server thread/INFO]: Kelp Growth Modifier: 100%
[06:30:58] [Server thread/INFO]: Entity Activation Range: An 32 / Mo 32 / Ra 48 / Mi 16 / Tiv true
[06:30:58] [Server thread/INFO]: Entity Tracking Range: Pl 48 / An 48 / Mo 48 / Mi 32 / Other 64
[06:30:58] [Server thread/INFO]: Hopper Transfer: 8 Hopper Check: 1 Hopper Amount: 1
[06:30:58] [Server thread/INFO]: Custom Map Seeds:  Village: 10387312 Desert: 14357617 Igloo: 14357618 Jungle: 14357619 Swamp: 14357620 Monument: 10387313Ocean: 14357621 Shipwreck: 165745295 Slime: 987234911
[06:30:58] [Server thread/INFO]: Max TNT Explosions: 100
[06:30:58] [Server thread/INFO]: Tile Max Tick Time: 50ms Entity max Tick Time: 50ms
[06:30:58] [Server thread/INFO]: View Distance: 32
[06:30:58] [Server thread/INFO]: Allow Zombie Pigmen to spawn from portal blocks: true
[06:30:58] [Server thread/INFO]: Item Merge Radius: 2.5
[06:30:58] [Server thread/INFO]: Item Despawn Rate: 6000
[06:30:58] [Server thread/INFO]: Arrow Despawn Rate: 1200
[06:30:58] [Server thread/INFO]: Zombie Aggressive Towards Villager: true
[06:30:58] [Server thread/INFO]: Nerfing mobs spawned from spawners: false
[06:30:58] [Server thread/INFO]: -------- World Settings For [world_the_end] --------
[06:30:58] [Server thread/INFO]: Experience Merge Radius: 3.0
[06:30:58] [Server thread/INFO]: Mob Spawn Range: 8
[06:30:58] [Server thread/INFO]: Cactus Growth Modifier: 100%
[06:30:58] [Server thread/INFO]: Cane Growth Modifier: 100%
[06:30:58] [Server thread/INFO]: Melon Growth Modifier: 100%
[06:30:58] [Server thread/INFO]: Mushroom Growth Modifier: 100%
[06:30:58] [Server thread/INFO]: Pumpkin Growth Modifier: 100%
[06:30:58] [Server thread/INFO]: Sapling Growth Modifier: 100%
[06:30:58] [Server thread/INFO]: Beetroot Growth Modifier: 100%
[06:30:58] [Server thread/INFO]: Carrot Growth Modifier: 100%
[06:30:58] [Server thread/INFO]: Potato Growth Modifier: 100%
[06:30:58] [Server thread/INFO]: Wheat Growth Modifier: 100%
[06:30:58] [Server thread/INFO]: NetherWart Growth Modifier: 100%
[06:30:58] [Server thread/INFO]: Vine Growth Modifier: 100%
[06:30:58] [Server thread/INFO]: Cocoa Growth Modifier: 100%
[06:30:58] [Server thread/INFO]: Bamboo Growth Modifier: 100%
[06:30:58] [Server thread/INFO]: SweetBerry Growth Modifier: 100%
[06:30:58] [Server thread/INFO]: Kelp Growth Modifier: 100%
[06:30:58] [Server thread/INFO]: Entity Activation Range: An 32 / Mo 32 / Ra 48 / Mi 16 / Tiv true
[06:30:58] [Server thread/INFO]: Entity Tracking Range: Pl 48 / An 48 / Mo 48 / Mi 32 / Other 64
[06:30:58] [Server thread/INFO]: Hopper Transfer: 8 Hopper Check: 1 Hopper Amount: 1
[06:30:58] [Server thread/INFO]: Custom Map Seeds:  Village: 10387312 Desert: 14357617 Igloo: 14357618 Jungle: 14357619 Swamp: 14357620 Monument: 10387313Ocean: 14357621 Shipwreck: 165745295 Slime: 987234911
[06:30:58] [Server thread/INFO]: Max TNT Explosions: 100
[06:30:58] [Server thread/INFO]: Tile Max Tick Time: 50ms Entity max Tick Time: 50ms
[06:30:58] [Server thread/INFO]: View Distance: 32
[06:30:58] [Server thread/INFO]: Allow Zombie Pigmen to spawn from portal blocks: true
[06:30:58] [Server thread/INFO]: Item Merge Radius: 2.5
[06:30:58] [Server thread/INFO]: Item Despawn Rate: 6000
[06:30:58] [Server thread/INFO]: Arrow Despawn Rate: 1200
[06:30:58] [Server thread/INFO]: Zombie Aggressive Towards Villager: true
[06:30:58] [Server thread/INFO]: Nerfing mobs spawned from spawners: false
[06:30:58] [Server thread/INFO]: Preparing start region for dimension 'world'/minecraft:overworld
[06:30:58] [Server thread/INFO]: Preparing spawn area: 0%
[06:30:59] [Server-Worker-1/INFO]: Preparing spawn area: 2%
[06:30:59] [Server thread/INFO]: Preparing spawn area: 39%
[06:31:00] [Server thread/INFO]: Preparing spawn area: 100%
[06:31:00] [Server thread/INFO]: Loaded 441 spawn chunks for world world
[06:31:00] [Server thread/INFO]: Time elapsed: 1660 ms
[06:31:00] [Server thread/INFO]: Preparing start region for dimension 'world_nether'/minecraft:the_nether
[06:31:00] [Server thread/INFO]: Preparing spawn area: 0%
[06:31:00] [Server thread/INFO]: Preparing spawn area: 45%
[06:31:01] [Server thread/INFO]: Preparing spawn area: 100%
[06:31:01] [Server thread/INFO]: Preparing spawn area: 100%
[06:31:02] [Server-Worker-2/INFO]: Preparing spawn area: 100%
[06:31:02] [Server-Worker-2/INFO]: Preparing spawn area: 100%
[06:31:03] [Server thread/INFO]: Loaded 441 spawn chunks for world world_nether
[06:31:03] [Server thread/INFO]: Time elapsed: 2799 ms
[06:31:03] [Server thread/INFO]: Preparing start region for dimension 'world_the_end'/minecraft:the_end
[06:31:03] [Server thread/INFO]: Preparing spawn area: 0%
[06:31:03] [Server-Worker-2/INFO]: Preparing spawn area: 100%
[06:31:04] [Server-Worker-2/INFO]: Preparing spawn area: 100%
[06:31:04] [Server thread/INFO]: Loaded 441 spawn chunks for world world_the_end
[06:31:04] [Server thread/INFO]: Time elapsed: 1353 ms
[06:31:04] [Server thread/INFO]: [SkinsRestorer] Enabling SkinsRestorer v13.7.3
[06:31:04] [Server thread/INFO]: [SkinsRestorer] Detected Minecraft v1_14_R1, using UniversalSkinFactory.
[06:31:04] [Server thread/INFO]: [SkinsRestorer] [ACF] Enabled Asynchronous Tab Completion Support!
[06:31:04] [Server thread/INFO]: [Essentials] Enabling Essentials v2.17.1.17
[06:31:04] [Server thread/INFO]: [Essentials] Attempting to convert old kits in config.yml to new kits.yml
[06:31:04] [Server thread/INFO]: [Essentials] No kits found to migrate.
[06:31:04] [Server thread/INFO]: [Essentials] Using 1.8.3+ BlockStateMeta provider as mob spawner provider.
[06:31:04] [Server thread/INFO]: [Essentials] Using 1.13+ flat spawn egg provider as spawn egg provider.
[06:31:04] [Server thread/INFO]: [Essentials] Using 1.9+ BasePotionData provider as potion meta provider.
[06:31:04] [Server thread/INFO]: [Essentials] Loaded 20977 items from items.json.
[06:31:04] [Server thread/INFO]: [Essentials] Using locale en_US
[06:31:04] [Server thread/INFO]: [Essentials] ServerListPingEvent: Spigot iterator API
[06:31:04] [Server thread/INFO]: [Essentials] Starting Metrics. Opt-out using the global bStats config.
[06:31:04] [Server thread/INFO]: [Vault] [Vault][Economy] Essentials Economy hooked.
[06:31:04] [Server thread/INFO]: [Essentials] Using Vault based permissions (LuckPerms)
[06:31:05] [Server thread/INFO]: Done (18.155s)! For help, type "help"
[06:31:05] [Server thread/INFO]: Timings Reset
[06:31:05] [Craft Scheduler Thread - 2/INFO]: [Vault] Checking for Updates ... 
[06:31:06] [Craft Scheduler Thread - 3/INFO]: [SkinsRestorer] ----------------------------------------------
[06:31:06] [Craft Scheduler Thread - 3/INFO]: [SkinsRestorer]     +===============+
[06:31:06] [Craft Scheduler Thread - 3/INFO]: [SkinsRestorer]     | SkinsRestorer |
[06:31:06] [Craft Scheduler Thread - 3/INFO]: [SkinsRestorer]     +===============+
[06:31:06] [Craft Scheduler Thread - 3/INFO]: [SkinsRestorer] ----------------------------------------------
[06:31:06] [Craft Scheduler Thread - 3/INFO]: [SkinsRestorer]     Current version: 13.7.3
[06:31:06] [Craft Scheduler Thread - 3/INFO]: [SkinsRestorer]     This is the latest version!
[06:31:06] [Craft Scheduler Thread - 3/INFO]: [SkinsRestorer] ----------------------------------------------
[06:31:07] [User Authenticator #1/INFO]: UUID of player Ezek is e77130d6-bea7-37e8-b5a7-db63c77f7ee0
[06:31:07] [Craft Scheduler Thread - 2/INFO]: [Vault] No new version available
[06:31:08] [Server thread/INFO]: Ezek[/130.105.243.169:50687] logged in with entity id 317 at ([world]71.98151401581019, 63.0, -168.67376863632796)
[06:31:27] [User Authenticator #1/INFO]: UUID of player boazcstrike is facf911e-a196-33a0-9889-58d056fb3aa4
[06:31:28] [Server thread/INFO]: boazcstrike[/180.191.101.187:10732] logged in with entity id 830 at ([world]-1089.300000011921, 74.0, -3477.300000011921)
[06:31:38] [Server thread/INFO]: Ezek lost connection: Disconnected
[06:31:38] [Server thread/INFO]: Ezek left the game
[06:31:45] [User Authenticator #1/INFO]: UUID of player Ezek is e77130d6-bea7-37e8-b5a7-db63c77f7ee0
[06:31:45] [Server thread/INFO]: Ezek[/130.105.243.169:50690] logged in with entity id 1392 at ([world]71.98151401581019, 63.0, -168.67376863632796)
[06:32:04] [User Authenticator #1/INFO]: UUID of player Ravxony is ee7446e4-cef4-3723-aa6a-58f494514116
[06:32:05] [Server thread/INFO]: Ravxony[/152.32.68.124:52581] logged in with entity id 1829 at ([world]78.4123172417232, 63.0, -239.75110642830447)
[06:32:05] [pool-12-thread-1/INFO]: [Essentials] Creating empty config: /home/minecraft/mc-paper/plugins/Essentials/userdata/ee7446e4-cef4-3723-aa6a-58f494514116.yml
[06:32:30] [Server thread/WARN]: Ezek was kicked due to keepalive timeout!
[06:32:30] [Server thread/INFO]: Ezek lost connection: Timed out
[06:32:30] [Server thread/INFO]: Ezek left the game
[06:33:15] [User Authenticator #2/INFO]: UUID of player Ezek is e77130d6-bea7-37e8-b5a7-db63c77f7ee0
[06:33:16] [Server thread/INFO]: Ezek[/130.105.243.169:50704] logged in with entity id 2539 at ([world]70.21622488305513, 63.0, -170.0627622244338)
[06:33:46] [Server thread/INFO]: Ezek lost connection: Disconnected
[06:33:46] [Server thread/INFO]: Ezek left the game
[06:33:51] [User Authenticator #2/INFO]: UUID of player Ezek is e77130d6-bea7-37e8-b5a7-db63c77f7ee0
[06:33:52] [Server thread/INFO]: Ezek[/130.105.243.169:50708] logged in with entity id 2668 at ([world]70.21622488305513, 63.0, -170.0627622244338)
[06:34:22] [Server thread/INFO]: Ezek lost connection: Timed out
[06:34:22] [Server thread/INFO]: Ezek left the game
[06:34:29] [User Authenticator #2/INFO]: UUID of player Ezek is e77130d6-bea7-37e8-b5a7-db63c77f7ee0
[06:34:30] [Server thread/INFO]: Ezek[/130.105.243.169:50710] logged in with entity id 2736 at ([world]70.21622488305513, 63.0, -170.0627622244338)
[06:35:00] [Server thread/INFO]: Ezek lost connection: Timed out
[06:35:00] [Server thread/INFO]: Ezek left the game
[06:35:11] [User Authenticator #2/INFO]: UUID of player Ezek is e77130d6-bea7-37e8-b5a7-db63c77f7ee0
[06:35:11] [Server thread/INFO]: Ezek[/112.205.197.207:50738] logged in with entity id 2832 at ([world]70.21622488305513, 63.0, -170.0627622244338)
[06:35:41] [Server thread/INFO]: Ezek lost connection: Disconnected
[06:35:41] [Server thread/INFO]: Ezek left the game
